<?xml version="1.0" encoding="UTF-8"?>
<!-- Generated by org.testng.reporters.JUnitXMLReporter -->
<testsuite hostname="Sahana" ignored="0" name="Application Test 1" tests="2" failures="1" timestamp="2021-02-14T08:16:31 SGT" time="10.906" errors="0">
  <testcase name="@AfterMethod aftermethod" time="2.645" classname="runner.Test1">
    <failure type="java.io.IOException" message="Destination &amp;apos;\\Users\Sahana Rangarajan\Desktop&amp;apos; directory cannot be created">
      <![CDATA[java.io.IOException: Destination '\\Users\Sahana Rangarajan\Desktop' directory cannot be created
at org.apache.commons.io.FileUtils.copyFile(FileUtils.java:1070)
at org.apache.commons.io.FileUtils.copyFile(FileUtils.java:1028)
at utilities.Screenshots.takeScreenshot(Screenshots.java:17)
at runner.Test1.aftermethod(Test1.java:60)
at java.util.ArrayList.forEach(Unknown Source)
... Removed 32 stack frames]]>
    </failure>
  </testcase> <!-- @AfterMethod aftermethod -->
  <testcase name="@AfterClass tearDown" time="-1.613261791392E9" classname="runner.Test1">
    <skipped/>
  </testcase> <!-- @AfterClass tearDown -->
  <testcase name="login" time="0.018" classname="runner.Test1">
    <failure type="java.lang.AssertionError" message="expected [Google] but found [title]">
      <![CDATA[java.lang.AssertionError: expected [Google] but found [title]
at runner.Test1.login(Test1.java:50)
at java.util.ArrayList.forEach(Unknown Source)
... Removed 33 stack frames]]>
    </failure>
  </testcase> <!-- login -->
  <testcase name="test1" time="0.002" classname="runner.Test2"/>
</testsuite> <!-- Application Test 1 -->
